WCCILsim     (1), 2023.10.19 09:43:53.496, SYS,  INFO,        1, Manager Start, PROJ, kgth_v0_0_1, V 3.19 - 3.19 P001 platform Windows AMD64 linked at Feb 13 2023 20:29:48 (167919f779e)
WCCILsim     (1), 2023.10.19 09:43:53.503, SYS,  INFO,        3, Trying to connect to (SYS: 0 Data -num 0 CONN: 1) @ localhost:4897
WCCILsim     (1), 2023.10.19 09:43:53.512, SYS,  INFO,        4, Connected to (SYS: 0 Data -num 0 CONN: 1) @ EVT02546NB.ad001.siemens.net (127.0.0.1)
WCCILsim     (1), 2023.10.19 09:43:53.518, PARAM,SEVERE,     71, DP does not exist, _Stat_Configs_driver_1._address:_original.._value
WCCILsim     (1), 2023.10.19 09:43:53.518, PARAM,SEVERE,     71, DP does not exist, _Stat_Configs_driver_1._cmd_conv:_original.._value
WCCILsim     (1), 2023.10.19 09:43:53.518, PARAM,SEVERE,     71, DP does not exist, _Stat_Configs_driver_1._msg_conv:_original.._value
WCCILsim     (1), 2023.10.19 09:43:53.518, PARAM,SEVERE,     71, DP does not exist, _Stat_Configs_driver_1._smooth:_original.._value
WCCILsim     (1), 2023.10.19 09:43:53.518, PARAM,SEVERE,     71, DP does not exist, _Stat_Configs_Refresh.SecsToRefresh:_original.._value
WCCILsim     (1), 2023.10.19 09:43:53.525, SYS,  INFO,        6, Initialization by Data Manager finished
WCCILsim     (1), 2023.10.19 09:43:53.526, SYS,  INFO,        3, Trying to connect to (SYS: 1 Event -num 0 CONN: 1) @ localhost:4998
WCCILsim     (1), 2023.10.19 09:43:53.530, SYS,  INFO,        4, Connected to (SYS: 1 Event -num 0 CONN: 1) @ EVT02546NB.ad001.siemens.net (127.0.0.1)
WCCILsim     (1), 2023.10.19 09:43:53.543, SYS,  SEVERE,    105, Invalid license, Driver will shutdown after the demo period of 2592000 seconds
WCCILsim     (1), 2023.10.19 09:43:53.543, SYS,  INFO,      156, Driver initialization finished.
WCCILsim     (1), 2023.10.19 09:43:53.544, PARAM,WARNING,    54, Unexpected state, Cannot get DPID for _Driver1.AL.AClasses:_original.._value
WCCILsim     (1), 2023.10.19 09:43:53.544, PARAM,WARNING,    54, Unexpected state, Cannot get DPID for _Driver1.AL.AckDps:_original.._value
WCCILsim     (1), 2023.10.19 09:43:53.544, PARAM,WARNING,    54, Unexpected state, Cannot get DPID for _Driver1.AL.AckData:_original.._value
WCCILsim     (1), 2023.10.19 09:43:53.555, PARAM,WARNING,    90, DP attribute was connected twice, DP: (Type: 0 Sys: 1 Dp: 0 El: 0 : ..)
WCCILsim     (1), 2023.10.19 09:43:53.555, PARAM,WARNING,    54, Unexpected state, AlertDrvIntDp, dpReady, dpConnect failed to Ack DPs
WCCILsim     (1), 2023.10.19 09:44:06.078, SYS,  INFO,      170, Signal SIGTERM received - exiting ...
WCCILsim     (1), 2023.10.19 09:44:06.113, SYS,  INFO,      181, Closing connection to (SYS: 1 Data -num 0 CONN: 1)
WCCILsim     (1), 2023.10.19 09:44:06.113, SYS,  INFO,      181, Closing connection to (SYS: 1 Event -num 0 CONN: 1)
WCCILsim     (1), 2023.10.19 09:44:06.113, SYS,  INFO,       39, Connection lost, MAN: (SYS: 1 Data -num 0 CONN: 1), Connection closed
WCCILsim     (1), 2023.10.19 09:44:06.113, SYS,  INFO,       39, Connection lost, MAN: (SYS: 1 Event -num 0 CONN: 1), Connection closed
WCCILsim     (1), 2023.10.19 09:44:06.113, SYS,  INFO,        2, Manager Stop
